RUN	petApp.Journey	journey	1593606371309	 	3.3.1
USER	Add a new pet to the store	1	START	1593606373386	1593606373386
USER	Add a new pet to the store	2	START	1593606373886	1593606373886
USER	Add a new pet to the store	3	START	1593606374385	1593606374385
REQUEST	1		Add a new pet to the storehttps://petstore.swagger.io	1593606373477	1593606374347	OK	 
REQUEST	1		Verify pet to the store as per statushttps://petstore.swagger.io	1593606374484	1593606374688	OK	 
REQUEST	2		Add a new pet to the storehttps://petstore.swagger.io	1593606373889	1593606374707	OK	 
USER	Add a new pet to the store	1	END	1593606373386	1593606374718
USER	Add a new pet to the store	4	START	1593606374884	1593606374884
REQUEST	2		Verify pet to the store as per statushttps://petstore.swagger.io	1593606374722	1593606374925	OK	 
USER	Add a new pet to the store	2	END	1593606373886	1593606374927
REQUEST	3		Add a new pet to the storehttps://petstore.swagger.io	1593606374387	1593606375176	OK	 
REQUEST	3		Verify pet to the store as per statushttps://petstore.swagger.io	1593606375183	1593606375382	OK	 
USER	Add a new pet to the store	3	END	1593606374385	1593606375387
USER	Add a new pet to the store	5	START	1593606375388	1593606375388
REQUEST	4		Add a new pet to the storehttps://petstore.swagger.io	1593606374886	1593606375693	OK	 
USER	Add a new pet to the store	6	START	1593606375868	1593606375868
REQUEST	4		Verify pet to the store as per statushttps://petstore.swagger.io	1593606375696	1593606375897	OK	 
USER	Add a new pet to the store	4	END	1593606374884	1593606375903
REQUEST	5		Add a new pet to the storehttps://petstore.swagger.io	1593606375392	1593606376232	OK	 
USER	Add a new pet to the store	7	START	1593606376366	1593606376366
REQUEST	5		Verify pet to the store as per statushttps://petstore.swagger.io	1593606376238	1593606376441	OK	 
USER	Add a new pet to the store	5	END	1593606375388	1593606376465
REQUEST	6		Add a new pet to the storehttps://petstore.swagger.io	1593606375871	1593606376679	OK	 
USER	Add a new pet to the store	8	START	1593606376854	1593606376854
REQUEST	6		Verify pet to the store as per statushttps://petstore.swagger.io	1593606376681	1593606376891	OK	 
USER	Add a new pet to the store	6	END	1593606375868	1593606376896
REQUEST	7		Add a new pet to the storehttps://petstore.swagger.io	1593606376373	1593606377205	OK	 
USER	Add a new pet to the store	9	START	1593606377354	1593606377354
REQUEST	7		Verify pet to the store as per statushttps://petstore.swagger.io	1593606377211	1593606377416	OK	 
USER	Add a new pet to the store	7	END	1593606376366	1593606377421
REQUEST	8		Add a new pet to the storehttps://petstore.swagger.io	1593606376857	1593606377656	OK	 
USER	Add a new pet to the store	10	START	1593606377866	1593606377866
REQUEST	8		Verify pet to the store as per statushttps://petstore.swagger.io	1593606377662	1593606377895	OK	 
USER	Add a new pet to the store	8	END	1593606376854	1593606377900
USER	Add a new pet to the store	11	START	1593606378366	1593606378366
REQUEST	10		Add a new pet to the storehttps://petstore.swagger.io	1593606377868	1593606378685	OK	 
REQUEST	9		Add a new pet to the storehttps://petstore.swagger.io	1593606377358	1593606378765	OK	 
USER	Add a new pet to the store	12	START	1593606378867	1593606378867
REQUEST	10		Verify pet to the store as per statushttps://petstore.swagger.io	1593606378688	1593606378891	OK	 
USER	Add a new pet to the store	10	END	1593606377866	1593606378896
REQUEST	9		Verify pet to the store as per statushttps://petstore.swagger.io	1593606378768	1593606378971	OK	 
USER	Add a new pet to the store	9	END	1593606377354	1593606378976
REQUEST	11		Add a new pet to the storehttps://petstore.swagger.io	1593606378371	1593606379203	OK	 
USER	Add a new pet to the store	13	START	1593606379365	1593606379365
REQUEST	11		Verify pet to the store as per statushttps://petstore.swagger.io	1593606379207	1593606379406	OK	 
USER	Add a new pet to the store	11	END	1593606378366	1593606379411
REQUEST	12		Add a new pet to the storehttps://petstore.swagger.io	1593606378870	1593606379677	OK	 
USER	Add a new pet to the store	14	START	1593606379864	1593606379864
REQUEST	12		Verify pet to the store as per statushttps://petstore.swagger.io	1593606379682	1593606379882	OK	 
USER	Add a new pet to the store	12	END	1593606378867	1593606379885
REQUEST	13		Add a new pet to the storehttps://petstore.swagger.io	1593606379368	1593606380176	OK	 
USER	Add a new pet to the store	15	START	1593606380365	1593606380365
REQUEST	13		Verify pet to the store as per statushttps://petstore.swagger.io	1593606380182	1593606380388	OK	 
USER	Add a new pet to the store	13	END	1593606379365	1593606380394
REQUEST	14		Add a new pet to the storehttps://petstore.swagger.io	1593606379866	1593606380679	OK	 
USER	Add a new pet to the store	16	START	1593606380855	1593606380855
REQUEST	14		Verify pet to the store as per statushttps://petstore.swagger.io	1593606380682	1593606380883	OK	 
USER	Add a new pet to the store	14	END	1593606379864	1593606380886
REQUEST	15		Add a new pet to the storehttps://petstore.swagger.io	1593606380368	1593606381192	OK	 
USER	Add a new pet to the store	17	START	1593606381354	1593606381354
REQUEST	15		Verify pet to the store as per statushttps://petstore.swagger.io	1593606381197	1593606381394	OK	 
USER	Add a new pet to the store	15	END	1593606380365	1593606381397
REQUEST	16		Add a new pet to the storehttps://petstore.swagger.io	1593606380859	1593606381663	OK	 
REQUEST	16		Verify pet to the store as per statushttps://petstore.swagger.io	1593606381666	1593606381862	OK	 
USER	Add a new pet to the store	16	END	1593606380855	1593606381864
USER	Add a new pet to the store	18	START	1593606381868	1593606381868
REQUEST	17		Add a new pet to the storehttps://petstore.swagger.io	1593606381356	1593606382155	OK	 
REQUEST	17		Verify pet to the store as per statushttps://petstore.swagger.io	1593606382157	1593606382352	OK	 
USER	Add a new pet to the store	17	END	1593606381354	1593606382355
USER	Add a new pet to the store	19	START	1593606382370	1593606382370
REQUEST	18		Add a new pet to the storehttps://petstore.swagger.io	1593606381870	1593606382696	OK	 
USER	Add a new pet to the store	20	START	1593606382864	1593606382864
REQUEST	18		Verify pet to the store as per statushttps://petstore.swagger.io	1593606382699	1593606382908	OK	 
USER	Add a new pet to the store	18	END	1593606381868	1593606382913
REQUEST	19		Add a new pet to the storehttps://petstore.swagger.io	1593606382372	1593606383187	OK	 
USER	Add a new pet to the store	21	START	1593606383364	1593606383364
REQUEST	19		Verify pet to the store as per statushttps://petstore.swagger.io	1593606383190	1593606383393	OK	 
USER	Add a new pet to the store	19	END	1593606382370	1593606383397
REQUEST	20		Add a new pet to the storehttps://petstore.swagger.io	1593606382865	1593606383643	OK	 
REQUEST	20		Verify pet to the store as per statushttps://petstore.swagger.io	1593606383646	1593606383837	OK	 
USER	Add a new pet to the store	20	END	1593606382864	1593606383839
USER	Add a new pet to the store	22	START	1593606383869	1593606383869
REQUEST	21		Add a new pet to the storehttps://petstore.swagger.io	1593606383367	1593606384223	OK	 
USER	Add a new pet to the store	23	START	1593606384368	1593606384368
REQUEST	21		Verify pet to the store as per statushttps://petstore.swagger.io	1593606384225	1593606384422	OK	 
USER	Add a new pet to the store	21	END	1593606383364	1593606384425
REQUEST	22		Add a new pet to the storehttps://petstore.swagger.io	1593606383871	1593606384686	OK	 
USER	Add a new pet to the store	24	START	1593606384870	1593606384870
REQUEST	22		Verify pet to the store as per statushttps://petstore.swagger.io	1593606384687	1593606384880	OK	 
USER	Add a new pet to the store	22	END	1593606383869	1593606384881
REQUEST	23		Add a new pet to the storehttps://petstore.swagger.io	1593606384374	1593606385220	OK	 
USER	Add a new pet to the store	25	START	1593606385366	1593606385366
REQUEST	23		Verify pet to the store as per statushttps://petstore.swagger.io	1593606385223	1593606385427	OK	 
USER	Add a new pet to the store	23	END	1593606384368	1593606385429
REQUEST	24		Add a new pet to the storehttps://petstore.swagger.io	1593606384871	1593606385676	OK	 
USER	Add a new pet to the store	26	START	1593606385856	1593606385856
REQUEST	24		Verify pet to the store as per statushttps://petstore.swagger.io	1593606385680	1593606385875	OK	 
USER	Add a new pet to the store	24	END	1593606384870	1593606385880
REQUEST	25		Add a new pet to the storehttps://petstore.swagger.io	1593606385368	1593606386173	OK	 
USER	Add a new pet to the store	27	START	1593606386365	1593606386365
REQUEST	25		Verify pet to the store as per statushttps://petstore.swagger.io	1593606386175	1593606386374	OK	 
USER	Add a new pet to the store	25	END	1593606385366	1593606386376
REQUEST	26		Add a new pet to the storehttps://petstore.swagger.io	1593606385859	1593606386665	OK	 
USER	Add a new pet to the store	28	START	1593606386867	1593606386867
REQUEST	26		Verify pet to the store as per statushttps://petstore.swagger.io	1593606386669	1593606386869	OK	 
USER	Add a new pet to the store	26	END	1593606385856	1593606386874
REQUEST	27		Add a new pet to the storehttps://petstore.swagger.io	1593606386366	1593606387189	OK	 
USER	Add a new pet to the store	29	START	1593606387366	1593606387366
REQUEST	27		Verify pet to the store as per statushttps://petstore.swagger.io	1593606387191	1593606387395	OK	 
USER	Add a new pet to the store	27	END	1593606386365	1593606387399
REQUEST	28		Add a new pet to the storehttps://petstore.swagger.io	1593606386873	1593606387648	OK	 
REQUEST	28		Verify pet to the store as per statushttps://petstore.swagger.io	1593606387651	1593606387848	OK	 
USER	Add a new pet to the store	28	END	1593606386867	1593606387852
USER	Add a new pet to the store	30	START	1593606387869	1593606387869
REQUEST	29		Add a new pet to the storehttps://petstore.swagger.io	1593606387370	1593606388185	OK	 
USER	Add a new pet to the store	31	START	1593606388365	1593606388365
REQUEST	29		Verify pet to the store as per statushttps://petstore.swagger.io	1593606388191	1593606388395	OK	 
USER	Add a new pet to the store	29	END	1593606387366	1593606388398
REQUEST	30		Add a new pet to the storehttps://petstore.swagger.io	1593606387872	1593606388669	OK	 
USER	Add a new pet to the store	32	START	1593606388858	1593606388858
REQUEST	30		Verify pet to the store as per statushttps://petstore.swagger.io	1593606388671	1593606388874	OK	 
USER	Add a new pet to the store	30	END	1593606387869	1593606388877
REQUEST	31		Add a new pet to the storehttps://petstore.swagger.io	1593606388368	1593606389192	OK	 
USER	Add a new pet to the store	33	START	1593606389381	1593606389381
REQUEST	31		Verify pet to the store as per statushttps://petstore.swagger.io	1593606389202	1593606389400	OK	 
USER	Add a new pet to the store	31	END	1593606388365	1593606389401
USER	Add a new pet to the store	34	START	1593606389941	1593606389941
REQUEST	32		Add a new pet to the storehttps://petstore.swagger.io	1593606388861	1593606389971	OK	 
REQUEST	32		Verify pet to the store as per statushttps://petstore.swagger.io	1593606389982	1593606390181	OK	 
USER	Add a new pet to the store	32	END	1593606388858	1593606390184
REQUEST	33		Add a new pet to the storehttps://petstore.swagger.io	1593606389383	1593606390202	OK	 
USER	Add a new pet to the store	35	START	1593606390359	1593606390359
REQUEST	33		Verify pet to the store as per statushttps://petstore.swagger.io	1593606390207	1593606390416	OK	 
USER	Add a new pet to the store	33	END	1593606389381	1593606390418
REQUEST	34		Add a new pet to the storehttps://petstore.swagger.io	1593606389943	1593606390788	OK	 
USER	Add a new pet to the store	36	START	1593606390868	1593606390868
REQUEST	34		Verify pet to the store as per statushttps://petstore.swagger.io	1593606390790	1593606390989	OK	 
USER	Add a new pet to the store	34	END	1593606389941	1593606390990
REQUEST	35		Add a new pet to the storehttps://petstore.swagger.io	1593606390361	1593606391166	OK	 
USER	Add a new pet to the store	37	START	1593606391366	1593606391366
REQUEST	35		Verify pet to the store as per statushttps://petstore.swagger.io	1593606391171	1593606391373	OK	 
USER	Add a new pet to the store	35	END	1593606390359	1593606391375
REQUEST	36		Add a new pet to the storehttps://petstore.swagger.io	1593606390869	1593606391668	OK	 
USER	Add a new pet to the store	38	START	1593606391865	1593606391865
REQUEST	36		Verify pet to the store as per statushttps://petstore.swagger.io	1593606391669	1593606391867	OK	 
USER	Add a new pet to the store	36	END	1593606390868	1593606391872
REQUEST	37		Add a new pet to the storehttps://petstore.swagger.io	1593606391367	1593606392172	OK	 
USER	Add a new pet to the store	39	START	1593606392369	1593606392369
REQUEST	37		Verify pet to the store as per statushttps://petstore.swagger.io	1593606392176	1593606392376	OK	 
USER	Add a new pet to the store	37	END	1593606391366	1593606392380
REQUEST	38		Add a new pet to the storehttps://petstore.swagger.io	1593606391868	1593606392676	OK	 
USER	Add a new pet to the store	40	START	1593606392854	1593606392854
REQUEST	38		Verify pet to the store as per statushttps://petstore.swagger.io	1593606392677	1593606392877	OK	 
USER	Add a new pet to the store	38	END	1593606391865	1593606392878
REQUEST	39		Add a new pet to the storehttps://petstore.swagger.io	1593606392370	1593606393160	OK	 
USER	Add a new pet to the store	41	START	1593606393355	1593606393355
REQUEST	40		Add a new pet to the storehttps://petstore.swagger.io	1593606392855	1593606393683	OK	 
REQUEST	39		Verify pet to the store as per statushttps://petstore.swagger.io	1593606393161	1593606393736	OK	 
USER	Add a new pet to the store	39	END	1593606392369	1593606393740
USER	Add a new pet to the store	42	START	1593606393867	1593606393867
REQUEST	40		Verify pet to the store as per statushttps://petstore.swagger.io	1593606393686	1593606393883	OK	 
USER	Add a new pet to the store	40	END	1593606392854	1593606393887
REQUEST	41		Add a new pet to the storehttps://petstore.swagger.io	1593606393357	1593606394154	OK	 
REQUEST	41		Verify pet to the store as per statushttps://petstore.swagger.io	1593606394156	1593606394353	OK	 
USER	Add a new pet to the store	41	END	1593606393355	1593606394356
USER	Add a new pet to the store	43	START	1593606394364	1593606394364
REQUEST	42		Add a new pet to the storehttps://petstore.swagger.io	1593606393869	1593606394683	OK	 
USER	Add a new pet to the store	44	START	1593606394866	1593606394866
REQUEST	42		Verify pet to the store as per statushttps://petstore.swagger.io	1593606394687	1593606394889	OK	 
USER	Add a new pet to the store	42	END	1593606393867	1593606394893
REQUEST	43		Add a new pet to the storehttps://petstore.swagger.io	1593606394367	1593606395221	OK	 
USER	Add a new pet to the store	45	START	1593606395370	1593606395370
REQUEST	43		Verify pet to the store as per statushttps://petstore.swagger.io	1593606395225	1593606395428	OK	 
USER	Add a new pet to the store	43	END	1593606394364	1593606395431
REQUEST	44		Add a new pet to the storehttps://petstore.swagger.io	1593606394869	1593606395664	OK	 
USER	Add a new pet to the store	46	START	1593606395865	1593606395865
REQUEST	44		Verify pet to the store as per statushttps://petstore.swagger.io	1593606395666	1593606395864	OK	 
USER	Add a new pet to the store	44	END	1593606394866	1593606395870
REQUEST	45		Add a new pet to the storehttps://petstore.swagger.io	1593606395371	1593606396180	OK	 
USER	Add a new pet to the store	47	START	1593606396366	1593606396366
REQUEST	45		Verify pet to the store as per statushttps://petstore.swagger.io	1593606396182	1593606396382	OK	 
USER	Add a new pet to the store	45	END	1593606395370	1593606396383
REQUEST	46		Add a new pet to the storehttps://petstore.swagger.io	1593606395869	1593606396670	OK	 
USER	Add a new pet to the store	48	START	1593606396864	1593606396864
REQUEST	46		Verify pet to the store as per statushttps://petstore.swagger.io	1593606396673	1593606396872	OK	 
USER	Add a new pet to the store	46	END	1593606395865	1593606396876
REQUEST	47		Add a new pet to the storehttps://petstore.swagger.io	1593606396367	1593606397160	OK	 
REQUEST	47		Verify pet to the store as per statushttps://petstore.swagger.io	1593606397165	1593606397364	OK	 
USER	Add a new pet to the store	47	END	1593606396366	1593606397367
USER	Add a new pet to the store	49	START	1593606397368	1593606397368
REQUEST	48		Add a new pet to the storehttps://petstore.swagger.io	1593606396866	1593606397660	OK	 
USER	Add a new pet to the store	50	START	1593606397865	1593606397865
REQUEST	48		Verify pet to the store as per statushttps://petstore.swagger.io	1593606397664	1593606397865	OK	 
USER	Add a new pet to the store	48	END	1593606396864	1593606397867
REQUEST	49		Add a new pet to the storehttps://petstore.swagger.io	1593606397369	1593606398168	OK	 
REQUEST	49		Verify pet to the store as per statushttps://petstore.swagger.io	1593606398170	1593606398368	OK	 
USER	Add a new pet to the store	49	END	1593606397368	1593606398370
USER	Add a new pet to the store	51	START	1593606398373	1593606398373
REQUEST	50		Add a new pet to the storehttps://petstore.swagger.io	1593606397866	1593606398667	OK	 
REQUEST	50		Verify pet to the store as per statushttps://petstore.swagger.io	1593606398669	1593606398864	OK	 
USER	Add a new pet to the store	50	END	1593606397865	1593606398867
USER	Add a new pet to the store	52	START	1593606398949	1593606398949
REQUEST	51		Add a new pet to the storehttps://petstore.swagger.io	1593606398375	1593606399202	OK	 
USER	Add a new pet to the store	53	START	1593606399376	1593606399376
REQUEST	51		Verify pet to the store as per statushttps://petstore.swagger.io	1593606399208	1593606399413	OK	 
USER	Add a new pet to the store	51	END	1593606398373	1593606399415
REQUEST	52		Add a new pet to the storehttps://petstore.swagger.io	1593606398951	1593606399834	OK	 
USER	Add a new pet to the store	54	START	1593606399859	1593606399859
REQUEST	52		Verify pet to the store as per statushttps://petstore.swagger.io	1593606399840	1593606400043	OK	 
USER	Add a new pet to the store	52	END	1593606398949	1593606400045
REQUEST	53		Add a new pet to the storehttps://petstore.swagger.io	1593606399390	1593606400219	OK	 
USER	Add a new pet to the store	55	START	1593606400354	1593606400354
REQUEST	53		Verify pet to the store as per statushttps://petstore.swagger.io	1593606400221	1593606400423	OK	 
USER	Add a new pet to the store	53	END	1593606399376	1593606400426
REQUEST	54		Add a new pet to the storehttps://petstore.swagger.io	1593606399860	1593606400634	OK	 
REQUEST	54		Verify pet to the store as per statushttps://petstore.swagger.io	1593606400635	1593606400827	OK	 
USER	Add a new pet to the store	54	END	1593606399859	1593606400831
USER	Add a new pet to the store	56	START	1593606400869	1593606400869
REQUEST	55		Add a new pet to the storehttps://petstore.swagger.io	1593606400355	1593606401147	OK	 
REQUEST	55		Verify pet to the store as per statushttps://petstore.swagger.io	1593606401150	1593606401347	OK	 
USER	Add a new pet to the store	55	END	1593606400354	1593606401351
USER	Add a new pet to the store	57	START	1593606401364	1593606401364
REQUEST	56		Add a new pet to the storehttps://petstore.swagger.io	1593606400871	1593606401647	OK	 
REQUEST	56		Verify pet to the store as per statushttps://petstore.swagger.io	1593606401649	1593606401853	OK	 
USER	Add a new pet to the store	56	END	1593606400869	1593606401855
USER	Add a new pet to the store	58	START	1593606401894	1593606401894
REQUEST	57		Add a new pet to the storehttps://petstore.swagger.io	1593606401367	1593606402158	OK	 
REQUEST	57		Verify pet to the store as per statushttps://petstore.swagger.io	1593606402161	1593606402358	OK	 
USER	Add a new pet to the store	57	END	1593606401364	1593606402359
USER	Add a new pet to the store	59	START	1593606402369	1593606402369
REQUEST	58		Add a new pet to the storehttps://petstore.swagger.io	1593606401942	1593606402753	OK	 
USER	Add a new pet to the store	60	START	1593606402870	1593606402870
REQUEST	58		Verify pet to the store as per statushttps://petstore.swagger.io	1593606402754	1593606402954	OK	 
USER	Add a new pet to the store	58	END	1593606401894	1593606402957
REQUEST	59		Add a new pet to the storehttps://petstore.swagger.io	1593606402370	1593606403143	OK	 
REQUEST	59		Verify pet to the store as per statushttps://petstore.swagger.io	1593606403145	1593606403337	OK	 
USER	Add a new pet to the store	59	END	1593606402369	1593606403339
USER	Add a new pet to the store	61	START	1593606403366	1593606403366
REQUEST	60		Add a new pet to the storehttps://petstore.swagger.io	1593606402871	1593606403646	OK	 
REQUEST	60		Verify pet to the store as per statushttps://petstore.swagger.io	1593606403648	1593606403838	OK	 
USER	Add a new pet to the store	60	END	1593606402870	1593606403840
USER	Add a new pet to the store	62	START	1593606403867	1593606403867
REQUEST	61		Add a new pet to the storehttps://petstore.swagger.io	1593606403368	1593606404173	OK	 
USER	Add a new pet to the store	63	START	1593606404368	1593606404368
REQUEST	61		Verify pet to the store as per statushttps://petstore.swagger.io	1593606404175	1593606404378	OK	 
USER	Add a new pet to the store	61	END	1593606403366	1593606404382
REQUEST	62		Add a new pet to the storehttps://petstore.swagger.io	1593606403869	1593606404660	OK	 
USER	Add a new pet to the store	64	START	1593606404858	1593606404858
REQUEST	62		Verify pet to the store as per statushttps://petstore.swagger.io	1593606404665	1593606404862	OK	 
USER	Add a new pet to the store	62	END	1593606403867	1593606404866
REQUEST	63		Add a new pet to the storehttps://petstore.swagger.io	1593606404370	1593606405171	OK	 
USER	Add a new pet to the store	65	START	1593606405358	1593606405358
REQUEST	63		Verify pet to the store as per statushttps://petstore.swagger.io	1593606405173	1593606405372	OK	 
USER	Add a new pet to the store	63	END	1593606404368	1593606405374
REQUEST	64		Add a new pet to the storehttps://petstore.swagger.io	1593606404861	1593606405677	OK	 
USER	Add a new pet to the store	66	START	1593606405866	1593606405866
REQUEST	64		Verify pet to the store as per statushttps://petstore.swagger.io	1593606405678	1593606405883	OK	 
USER	Add a new pet to the store	64	END	1593606404858	1593606405891
REQUEST	65		Add a new pet to the storehttps://petstore.swagger.io	1593606405360	1593606406146	OK	 
REQUEST	65		Verify pet to the store as per statushttps://petstore.swagger.io	1593606406149	1593606406356	OK	 
USER	Add a new pet to the store	65	END	1593606405358	1593606406358
USER	Add a new pet to the store	67	START	1593606406369	1593606406369
REQUEST	66		Add a new pet to the storehttps://petstore.swagger.io	1593606405869	1593606406660	OK	 
USER	Add a new pet to the store	68	START	1593606406854	1593606406854
REQUEST	66		Verify pet to the store as per statushttps://petstore.swagger.io	1593606406662	1593606406859	OK	 
USER	Add a new pet to the store	66	END	1593606405866	1593606406862
REQUEST	67		Add a new pet to the storehttps://petstore.swagger.io	1593606406370	1593606407175	OK	 
USER	Add a new pet to the store	69	START	1593606407356	1593606407356
REQUEST	67		Verify pet to the store as per statushttps://petstore.swagger.io	1593606407177	1593606407377	OK	 
USER	Add a new pet to the store	67	END	1593606406369	1593606407378
REQUEST	68		Add a new pet to the storehttps://petstore.swagger.io	1593606406856	1593606407645	OK	 
REQUEST	68		Verify pet to the store as per statushttps://petstore.swagger.io	1593606407647	1593606407844	OK	 
USER	Add a new pet to the store	68	END	1593606406854	1593606407847
USER	Add a new pet to the store	70	START	1593606407870	1593606407870
REQUEST	69		Add a new pet to the storehttps://petstore.swagger.io	1593606407357	1593606408129	OK	 
REQUEST	69		Verify pet to the store as per statushttps://petstore.swagger.io	1593606408132	1593606408326	OK	 
USER	Add a new pet to the store	69	END	1593606407356	1593606408329
USER	Add a new pet to the store	71	START	1593606408364	1593606408364
REQUEST	70		Add a new pet to the storehttps://petstore.swagger.io	1593606407871	1593606408676	OK	 
USER	Add a new pet to the store	72	START	1593606408867	1593606408867
REQUEST	70		Verify pet to the store as per statushttps://petstore.swagger.io	1593606408683	1593606408883	OK	 
USER	Add a new pet to the store	70	END	1593606407870	1593606408887
REQUEST	71		Add a new pet to the storehttps://petstore.swagger.io	1593606408366	1593606409179	OK	 
USER	Add a new pet to the store	73	START	1593606409369	1593606409369
REQUEST	71		Verify pet to the store as per statushttps://petstore.swagger.io	1593606409181	1593606409383	OK	 
USER	Add a new pet to the store	71	END	1593606408364	1593606409385
REQUEST	72		Add a new pet to the storehttps://petstore.swagger.io	1593606408869	1593606409687	OK	 
USER	Add a new pet to the store	74	START	1593606409889	1593606409889
REQUEST	72		Verify pet to the store as per statushttps://petstore.swagger.io	1593606409689	1593606409903	OK	 
USER	Add a new pet to the store	72	END	1593606408867	1593606409905
REQUEST	73		Add a new pet to the storehttps://petstore.swagger.io	1593606409370	1593606410175	OK	 
REQUEST	73		Verify pet to the store as per statushttps://petstore.swagger.io	1593606410178	1593606410379	OK	 
USER	Add a new pet to the store	73	END	1593606409369	1593606410383
USER	Add a new pet to the store	75	START	1593606410385	1593606410385
REQUEST	74		Add a new pet to the storehttps://petstore.swagger.io	1593606409890	1593606410682	OK	 
USER	Add a new pet to the store	76	START	1593606410864	1593606410864
REQUEST	74		Verify pet to the store as per statushttps://petstore.swagger.io	1593606410684	1593606410880	OK	 
USER	Add a new pet to the store	74	END	1593606409889	1593606410883
REQUEST	75		Add a new pet to the storehttps://petstore.swagger.io	1593606410387	1593606411188	OK	 
USER	Add a new pet to the store	77	START	1593606411370	1593606411370
REQUEST	75		Verify pet to the store as per statushttps://petstore.swagger.io	1593606411191	1593606411391	OK	 
USER	Add a new pet to the store	75	END	1593606410385	1593606411394
REQUEST	76		Add a new pet to the storehttps://petstore.swagger.io	1593606410866	1593606411670	OK	 
USER	Add a new pet to the store	78	START	1593606411865	1593606411865
REQUEST	76		Verify pet to the store as per statushttps://petstore.swagger.io	1593606411673	1593606412142	OK	 
USER	Add a new pet to the store	76	END	1593606410864	1593606412145
REQUEST	77		Add a new pet to the storehttps://petstore.swagger.io	1593606411372	1593606412151	OK	 
REQUEST	77		Verify pet to the store as per statushttps://petstore.swagger.io	1593606412155	1593606412347	OK	 
USER	Add a new pet to the store	77	END	1593606411370	1593606412351
USER	Add a new pet to the store	79	START	1593606412367	1593606412367
REQUEST	78		Add a new pet to the storehttps://petstore.swagger.io	1593606411867	1593606412656	OK	 
REQUEST	78		Verify pet to the store as per statushttps://petstore.swagger.io	1593606412657	1593606412857	OK	 
USER	Add a new pet to the store	80	START	1593606412858	1593606412858
USER	Add a new pet to the store	78	END	1593606411865	1593606412859
REQUEST	79		Add a new pet to the storehttps://petstore.swagger.io	1593606412369	1593606413174	OK	 
USER	Add a new pet to the store	81	START	1593606413356	1593606413356
REQUEST	79		Verify pet to the store as per statushttps://petstore.swagger.io	1593606413177	1593606413376	OK	 
USER	Add a new pet to the store	79	END	1593606412367	1593606413383
USER	Add a new pet to the store	82	START	1593606413866	1593606413866
REQUEST	80		Add a new pet to the storehttps://petstore.swagger.io	1593606412859	1593606413867	OK	 
REQUEST	80		Verify pet to the store as per statushttps://petstore.swagger.io	1593606413869	1593606414066	OK	 
USER	Add a new pet to the store	80	END	1593606412858	1593606414068
USER	Add a new pet to the store	83	START	1593606414370	1593606414370
REQUEST	82		Add a new pet to the storehttps://petstore.swagger.io	1593606413867	1593606414781	OK	 
USER	Add a new pet to the store	84	START	1593606414854	1593606414854
REQUEST	81		Add a new pet to the storehttps://petstore.swagger.io	1593606413358	1593606414914	OK	 
REQUEST	82		Verify pet to the store as per statushttps://petstore.swagger.io	1593606414783	1593606414982	OK	 
USER	Add a new pet to the store	82	END	1593606413866	1593606414986
REQUEST	81		Verify pet to the store as per statushttps://petstore.swagger.io	1593606414915	1593606415111	OK	 
USER	Add a new pet to the store	81	END	1593606413356	1593606415113
REQUEST	83		Add a new pet to the storehttps://petstore.swagger.io	1593606414373	1593606415160	OK	 
USER	Add a new pet to the store	85	START	1593606415359	1593606415359
REQUEST	83		Verify pet to the store as per statushttps://petstore.swagger.io	1593606415162	1593606415362	OK	 
USER	Add a new pet to the store	83	END	1593606414370	1593606415366
REQUEST	84		Add a new pet to the storehttps://petstore.swagger.io	1593606414855	1593606415646	OK	 
REQUEST	84		Verify pet to the store as per statushttps://petstore.swagger.io	1593606415648	1593606415844	OK	 
USER	Add a new pet to the store	84	END	1593606414854	1593606415846
USER	Add a new pet to the store	86	START	1593606415858	1593606415858
REQUEST	85		Add a new pet to the storehttps://petstore.swagger.io	1593606415361	1593606416204	OK	 
USER	Add a new pet to the store	87	START	1593606416360	1593606416360
REQUEST	85		Verify pet to the store as per statushttps://petstore.swagger.io	1593606416207	1593606416405	OK	 
USER	Add a new pet to the store	85	END	1593606415359	1593606416409
REQUEST	86		Add a new pet to the storehttps://petstore.swagger.io	1593606415859	1593606416648	OK	 
REQUEST	86		Verify pet to the store as per statushttps://petstore.swagger.io	1593606416653	1593606416849	OK	 
USER	Add a new pet to the store	86	END	1593606415858	1593606416853
USER	Add a new pet to the store	88	START	1593606416868	1593606416868
REQUEST	87		Add a new pet to the storehttps://petstore.swagger.io	1593606416362	1593606417154	OK	 
REQUEST	87		Verify pet to the store as per statushttps://petstore.swagger.io	1593606417157	1593606417353	OK	 
USER	Add a new pet to the store	87	END	1593606416360	1593606417356
USER	Add a new pet to the store	89	START	1593606417364	1593606417364
REQUEST	88		Add a new pet to the storehttps://petstore.swagger.io	1593606416869	1593606417682	OK	 
USER	Add a new pet to the store	90	START	1593606417866	1593606417866
REQUEST	88		Verify pet to the store as per statushttps://petstore.swagger.io	1593606417684	1593606417916	OK	 
USER	Add a new pet to the store	88	END	1593606416868	1593606417918
REQUEST	89		Add a new pet to the storehttps://petstore.swagger.io	1593606417366	1593606418170	OK	 
USER	Add a new pet to the store	91	START	1593606418370	1593606418370
REQUEST	89		Verify pet to the store as per statushttps://petstore.swagger.io	1593606418171	1593606418376	OK	 
USER	Add a new pet to the store	89	END	1593606417364	1593606418378
REQUEST	90		Add a new pet to the storehttps://petstore.swagger.io	1593606417868	1593606418660	OK	 
REQUEST	90		Verify pet to the store as per statushttps://petstore.swagger.io	1593606418663	1593606418864	OK	 
USER	Add a new pet to the store	90	END	1593606417866	1593606418867
USER	Add a new pet to the store	92	START	1593606418869	1593606418869
REQUEST	91		Add a new pet to the storehttps://petstore.swagger.io	1593606418371	1593606419166	OK	 
REQUEST	91		Verify pet to the store as per statushttps://petstore.swagger.io	1593606419168	1593606419365	OK	 
USER	Add a new pet to the store	93	START	1593606419367	1593606419367
USER	Add a new pet to the store	91	END	1593606418370	1593606419368
REQUEST	92		Add a new pet to the storehttps://petstore.swagger.io	1593606418870	1593606419683	OK	 
USER	Add a new pet to the store	94	START	1593606419865	1593606419865
REQUEST	92		Verify pet to the store as per statushttps://petstore.swagger.io	1593606419686	1593606419888	OK	 
USER	Add a new pet to the store	92	END	1593606418869	1593606419891
REQUEST	93		Add a new pet to the storehttps://petstore.swagger.io	1593606419370	1593606420169	OK	 
REQUEST	93		Verify pet to the store as per statushttps://petstore.swagger.io	1593606420172	1593606420368	OK	 
USER	Add a new pet to the store	95	START	1593606420370	1593606420370
USER	Add a new pet to the store	93	END	1593606419367	1593606420371
REQUEST	94		Add a new pet to the storehttps://petstore.swagger.io	1593606419867	1593606420680	OK	 
USER	Add a new pet to the store	96	START	1593606420867	1593606420867
REQUEST	94		Verify pet to the store as per statushttps://petstore.swagger.io	1593606420682	1593606420880	OK	 
USER	Add a new pet to the store	94	END	1593606419865	1593606420883
REQUEST	95		Add a new pet to the storehttps://petstore.swagger.io	1593606420373	1593606421185	OK	 
USER	Add a new pet to the store	97	START	1593606421364	1593606421364
REQUEST	95		Verify pet to the store as per statushttps://petstore.swagger.io	1593606421188	1593606421390	OK	 
USER	Add a new pet to the store	95	END	1593606420370	1593606421393
REQUEST	96		Add a new pet to the storehttps://petstore.swagger.io	1593606420869	1593606421661	OK	 
REQUEST	96		Verify pet to the store as per statushttps://petstore.swagger.io	1593606421665	1593606421862	OK	 
USER	Add a new pet to the store	96	END	1593606420867	1593606421865
USER	Add a new pet to the store	98	START	1593606421865	1593606421865
REQUEST	97		Add a new pet to the storehttps://petstore.swagger.io	1593606421366	1593606422150	OK	 
REQUEST	97		Verify pet to the store as per statushttps://petstore.swagger.io	1593606422153	1593606422350	OK	 
USER	Add a new pet to the store	97	END	1593606421364	1593606422352
USER	Add a new pet to the store	99	START	1593606422369	1593606422369
REQUEST	98		Add a new pet to the storehttps://petstore.swagger.io	1593606421867	1593606422656	OK	 
REQUEST	98		Verify pet to the store as per statushttps://petstore.swagger.io	1593606422658	1593606422855	OK	 
USER	Add a new pet to the store	98	END	1593606421865	1593606422858
USER	Add a new pet to the store	100	START	1593606422864	1593606422864
REQUEST	99		Add a new pet to the storehttps://petstore.swagger.io	1593606422371	1593606423164	OK	 
USER	Add a new pet to the store	101	START	1593606423364	1593606423364
REQUEST	99		Verify pet to the store as per statushttps://petstore.swagger.io	1593606423167	1593606423365	OK	 
USER	Add a new pet to the store	99	END	1593606422369	1593606423369
REQUEST	100		Add a new pet to the storehttps://petstore.swagger.io	1593606422866	1593606423662	OK	 
REQUEST	100		Verify pet to the store as per statushttps://petstore.swagger.io	1593606423664	1593606423861	OK	 
USER	Add a new pet to the store	100	END	1593606422864	1593606423863
USER	Add a new pet to the store	102	START	1593606423866	1593606423866
REQUEST	101		Add a new pet to the storehttps://petstore.swagger.io	1593606423367	1593606424182	OK	 
USER	Add a new pet to the store	103	START	1593606424369	1593606424369
REQUEST	101		Verify pet to the store as per statushttps://petstore.swagger.io	1593606424185	1593606424386	OK	 
USER	Add a new pet to the store	101	END	1593606423364	1593606424389
REQUEST	102		Add a new pet to the storehttps://petstore.swagger.io	1593606423867	1593606424656	OK	 
REQUEST	102		Verify pet to the store as per statushttps://petstore.swagger.io	1593606424658	1593606424855	OK	 
USER	Add a new pet to the store	102	END	1593606423866	1593606424858
USER	Add a new pet to the store	104	START	1593606424868	1593606424868
REQUEST	103		Add a new pet to the storehttps://petstore.swagger.io	1593606424371	1593606425165	OK	 
USER	Add a new pet to the store	105	START	1593606425366	1593606425366
REQUEST	103		Verify pet to the store as per statushttps://petstore.swagger.io	1593606425168	1593606425365	OK	 
USER	Add a new pet to the store	103	END	1593606424369	1593606425369
REQUEST	104		Add a new pet to the storehttps://petstore.swagger.io	1593606424870	1593606425684	OK	 
USER	Add a new pet to the store	106	START	1593606425864	1593606425864
REQUEST	104		Verify pet to the store as per statushttps://petstore.swagger.io	1593606425686	1593606425889	OK	 
USER	Add a new pet to the store	104	END	1593606424868	1593606425892
REQUEST	105		Add a new pet to the storehttps://petstore.swagger.io	1593606425368	1593606426179	OK	 
USER	Add a new pet to the store	107	START	1593606426367	1593606426367
REQUEST	105		Verify pet to the store as per statushttps://petstore.swagger.io	1593606426181	1593606426383	OK	 
USER	Add a new pet to the store	105	END	1593606425366	1593606426386
REQUEST	106		Add a new pet to the storehttps://petstore.swagger.io	1593606425866	1593606426681	OK	 
USER	Add a new pet to the store	108	START	1593606426855	1593606426855
REQUEST	106		Verify pet to the store as per statushttps://petstore.swagger.io	1593606426683	1593606426884	OK	 
USER	Add a new pet to the store	106	END	1593606425864	1593606426886
REQUEST	107		Add a new pet to the storehttps://petstore.swagger.io	1593606426369	1593606427177	OK	 
USER	Add a new pet to the store	109	START	1593606427358	1593606427358
REQUEST	107		Verify pet to the store as per statushttps://petstore.swagger.io	1593606427180	1593606427382	OK	 
USER	Add a new pet to the store	107	END	1593606426367	1593606427384
REQUEST	108		Add a new pet to the storehttps://petstore.swagger.io	1593606426857	1593606427681	OK	 
USER	Add a new pet to the store	110	START	1593606427867	1593606427867
REQUEST	108		Verify pet to the store as per statushttps://petstore.swagger.io	1593606427682	1593606427886	OK	 
USER	Add a new pet to the store	108	END	1593606426855	1593606427888
REQUEST	109		Add a new pet to the storehttps://petstore.swagger.io	1593606427359	1593606428136	OK	 
REQUEST	109		Verify pet to the store as per statushttps://petstore.swagger.io	1593606428139	1593606428335	OK	 
USER	Add a new pet to the store	109	END	1593606427358	1593606428338
USER	Add a new pet to the store	111	START	1593606428365	1593606428365
REQUEST	110		Add a new pet to the storehttps://petstore.swagger.io	1593606427869	1593606428649	OK	 
REQUEST	110		Verify pet to the store as per statushttps://petstore.swagger.io	1593606428652	1593606428845	OK	 
USER	Add a new pet to the store	110	END	1593606427867	1593606428848
USER	Add a new pet to the store	112	START	1593606428868	1593606428868
REQUEST	111		Add a new pet to the storehttps://petstore.swagger.io	1593606428367	1593606429167	OK	 
USER	Add a new pet to the store	113	START	1593606429366	1593606429366
REQUEST	111		Verify pet to the store as per statushttps://petstore.swagger.io	1593606429170	1593606429367	OK	 
USER	Add a new pet to the store	111	END	1593606428365	1593606429371
REQUEST	112		Add a new pet to the storehttps://petstore.swagger.io	1593606428870	1593606429696	OK	 
USER	Add a new pet to the store	114	START	1593606429865	1593606429865
REQUEST	112		Verify pet to the store as per statushttps://petstore.swagger.io	1593606429698	1593606429905	OK	 
USER	Add a new pet to the store	112	END	1593606428868	1593606429908
REQUEST	113		Add a new pet to the storehttps://petstore.swagger.io	1593606429368	1593606430163	OK	 
REQUEST	113		Verify pet to the store as per statushttps://petstore.swagger.io	1593606430165	1593606430361	OK	 
USER	Add a new pet to the store	113	END	1593606429366	1593606430364
USER	Add a new pet to the store	115	START	1593606430364	1593606430364
REQUEST	114		Add a new pet to the storehttps://petstore.swagger.io	1593606429867	1593606430667	OK	 
REQUEST	114		Verify pet to the store as per statushttps://petstore.swagger.io	1593606430669	1593606430867	OK	 
USER	Add a new pet to the store	116	START	1593606430868	1593606430868
USER	Add a new pet to the store	114	END	1593606429865	1593606430869
REQUEST	115		Add a new pet to the storehttps://petstore.swagger.io	1593606430366	1593606431139	OK	 
REQUEST	115		Verify pet to the store as per statushttps://petstore.swagger.io	1593606431142	1593606431335	OK	 
USER	Add a new pet to the store	115	END	1593606430364	1593606431339
USER	Add a new pet to the store	117	START	1593606431368	1593606431368
REQUEST	116		Add a new pet to the storehttps://petstore.swagger.io	1593606430869	1593606431652	OK	 
REQUEST	116		Verify pet to the store as per statushttps://petstore.swagger.io	1593606431654	1593606431848	OK	 
USER	Add a new pet to the store	116	END	1593606430868	1593606431849
USER	Add a new pet to the store	118	START	1593606431855	1593606431855
REQUEST	117		Add a new pet to the storehttps://petstore.swagger.io	1593606431370	1593606432158	OK	 
REQUEST	117		Verify pet to the store as per statushttps://petstore.swagger.io	1593606432159	1593606432355	OK	 
USER	Add a new pet to the store	117	END	1593606431368	1593606432357
USER	Add a new pet to the store	119	START	1593606432358	1593606432358
REQUEST	118		Add a new pet to the storehttps://petstore.swagger.io	1593606431856	1593606432659	OK	 
REQUEST	118		Verify pet to the store as per statushttps://petstore.swagger.io	1593606432661	1593606432855	OK	 
USER	Add a new pet to the store	118	END	1593606431855	1593606432856
USER	Add a new pet to the store	120	START	1593606432865	1593606432865
REQUEST	119		Add a new pet to the storehttps://petstore.swagger.io	1593606432359	1593606433273	OK	 
REQUEST	119		Verify pet to the store as per statushttps://petstore.swagger.io	1593606433277	1593606433479	OK	 
USER	Add a new pet to the store	119	END	1593606432358	1593606433481
REQUEST	120		Add a new pet to the storehttps://petstore.swagger.io	1593606432866	1593606433642	OK	 
REQUEST	120		Verify pet to the store as per statushttps://petstore.swagger.io	1593606433643	1593606433835	OK	 
USER	Add a new pet to the store	120	END	1593606432865	1593606433838
